This is pdfTeX, Version 3.14159265-2.6-1.40.21 (TeX Live 2020/W32TeX) (preloaded format=pdflatex 2020.12.5)  5 DEC 2020 04:42
entering extended mode
 restricted \write18 enabled.
 %&-line parsing enabled.
**cv.tex
(./cv.tex
LaTeX2e <2020-10-01> patch level 2
L3 programming layer <2020-10-27> xparse <2020-03-03>
(c:/texlive/2020/texmf-dist/tex/latex/base/article.cls
Document Class: article 2020/04/10 v1.4m Standard LaTeX document class
(c:/texlive/2020/texmf-dist/tex/latex/base/size10.clo
File: size10.clo 2020/04/10 v1.4m Standard LaTeX file (size option)
)
\c@part=\count175
\c@section=\count176
\c@subsection=\count177
\c@subsubsection=\count178
\c@paragraph=\count179
\c@subparagraph=\count180
\c@figure=\count181
\c@table=\count182
\abovecaptionskip=\skip47
\belowcaptionskip=\skip48
\bibindent=\dimen138
)
(c:/texlive/2020/texmf-dist/tex/latex/tools/multicol.sty
Package: multicol 2019/12/09 v1.8y multicolumn formatting (FMi)
\c@tracingmulticols=\count183
\mult@box=\box47
\multicol@leftmargin=\dimen139
\c@unbalance=\count184
\c@collectmore=\count185
\doublecol@number=\count186
\multicoltolerance=\count187
\multicolpretolerance=\count188
\full@width=\dimen140
\page@free=\dimen141
\premulticols=\dimen142
\postmulticols=\dimen143
\multicolsep=\skip49
\multicolbaselineskip=\skip50
\partial@page=\box48
\last@line=\box49
\maxbalancingoverflow=\dimen144
\mult@rightbox=\box50
\mult@grightbox=\box51
\mult@gfirstbox=\box52
\mult@firstbox=\box53
\@tempa=\box54
\@tempa=\box55
\@tempa=\box56
\@tempa=\box57
\@tempa=\box58
\@tempa=\box59
\@tempa=\box60
\@tempa=\box61
\@tempa=\box62
\@tempa=\box63
\@tempa=\box64
\@tempa=\box65
\@tempa=\box66
\@tempa=\box67
\@tempa=\box68
\@tempa=\box69
\@tempa=\box70
\@tempa=\box71
\@tempa=\box72
\@tempa=\box73
\@tempa=\box74
\@tempa=\box75
\@tempa=\box76
\@tempa=\box77
\@tempa=\box78
\@tempa=\box79
\@tempa=\box80
\@tempa=\box81
\@tempa=\box82
\@tempa=\box83
\@tempa=\box84
\@tempa=\box85
\@tempa=\box86
\@tempa=\box87
\@tempa=\box88
\@tempa=\box89
\@tempa=\box90
\c@minrows=\count189
\c@columnbadness=\count190
\c@finalcolumnbadness=\count191
\last@try=\dimen145
\multicolovershoot=\dimen146
\multicolundershoot=\dimen147
\mult@nat@firstbox=\box91
\colbreak@box=\box92
\mc@col@check@num=\count192
)
(c:/texlive/2020/texmf-dist/tex/latex/fancyhdr/fancyhdr.sty
Package: fancyhdr 2019/01/31 v3.10 Extensive control of page headers and footer
s
\f@nch@headwidth=\skip51
\f@nch@O@elh=\skip52
\f@nch@O@erh=\skip53
\f@nch@O@olh=\skip54
\f@nch@O@orh=\skip55
\f@nch@O@elf=\skip56
\f@nch@O@erf=\skip57
\f@nch@O@olf=\skip58
\f@nch@O@orf=\skip59
)
(./origpagecounting.sty

LaTeX Warning: You have requested package `origpagecounting',
               but the package provides `pagecounting'.

Package: pagecounting 2000/04/07 <Zoe Stephenson>
\c@l@stpage=\count193
) (c:/texlive/2020/texmf-dist/tex/latex/graphics/color.sty
Package: color 2020/02/24 v1.2b Standard LaTeX Color (DPC)

(c:/texlive/2020/texmf-dist/tex/latex/graphics-cfg/color.cfg
File: color.cfg 2016/01/02 v1.6 sample color configuration
)
Package color Info: Driver file: dvips.def on input line 147.

(c:/texlive/2020/texmf-dist/tex/latex/graphics-def/dvips.def
File: dvips.def 2017/06/20 v3.1d Graphics/color driver for dvips
)
(c:/texlive/2020/texmf-dist/tex/latex/graphics/dvipsnam.def
File: dvipsnam.def 2016/06/17 v3.0m Driver-dependent file (DPC,SPQR)
))
(c:/texlive/2020/texmf-dist/tex/latex/tools/tabularx.sty
Package: tabularx 2020/01/15 v2.11c `tabularx' package (DPC)

(c:/texlive/2020/texmf-dist/tex/latex/tools/array.sty
Package: array 2020/10/01 v2.5c Tabular extension package (FMi)
\col@sep=\dimen148
\ar@mcellbox=\box93
\extrarowheight=\dimen149
\NC@list=\toks15
\extratabsurround=\skip60
\backup@length=\skip61
\ar@cellbox=\box94
)
\TX@col@width=\dimen150
\TX@old@table=\dimen151
\TX@old@col=\dimen152
\TX@target=\dimen153
\TX@delta=\dimen154
\TX@cols=\count194
\TX@ftn=\toks16
)
(c:/texlive/2020/texmf-dist/tex/latex/hyperref/hyperref.sty
Package: hyperref 2020-05-15 v7.00e Hypertext links for LaTeX

(c:/texlive/2020/texmf-dist/tex/generic/ltxcmds/ltxcmds.sty
Package: ltxcmds 2020-05-10 v1.25 LaTeX kernel commands for general use (HO)
)
(c:/texlive/2020/texmf-dist/tex/generic/iftex/iftex.sty
Package: iftex 2020/03/06 v1.0d TeX engine tests
)
(c:/texlive/2020/texmf-dist/tex/generic/pdftexcmds/pdftexcmds.sty
Package: pdftexcmds 2020-06-27 v0.33 Utility functions of pdfTeX for LuaTeX (HO
)

(c:/texlive/2020/texmf-dist/tex/generic/infwarerr/infwarerr.sty
Package: infwarerr 2019/12/03 v1.5 Providing info/warning/error messages (HO)
)
Package pdftexcmds Info: \pdf@primitive is available.
Package pdftexcmds Info: \pdf@ifprimitive is available.
Package pdftexcmds Info: \pdfdraftmode found.
)
(c:/texlive/2020/texmf-dist/tex/latex/graphics/keyval.sty
Package: keyval 2014/10/28 v1.15 key=value parser (DPC)
\KV@toks@=\toks17
)
(c:/texlive/2020/texmf-dist/tex/generic/kvsetkeys/kvsetkeys.sty
Package: kvsetkeys 2019/12/15 v1.18 Key value parser (HO)
)
(c:/texlive/2020/texmf-dist/tex/generic/kvdefinekeys/kvdefinekeys.sty
Package: kvdefinekeys 2019-12-19 v1.6 Define keys (HO)
)
(c:/texlive/2020/texmf-dist/tex/generic/pdfescape/pdfescape.sty
Package: pdfescape 2019/12/09 v1.15 Implements pdfTeX's escape features (HO)
)
(c:/texlive/2020/texmf-dist/tex/latex/hycolor/hycolor.sty
Package: hycolor 2020-01-27 v1.10 Color options for hyperref/bookmark (HO)
)
(c:/texlive/2020/texmf-dist/tex/latex/letltxmacro/letltxmacro.sty
Package: letltxmacro 2019/12/03 v1.6 Let assignment for LaTeX macros (HO)
)
(c:/texlive/2020/texmf-dist/tex/latex/auxhook/auxhook.sty
Package: auxhook 2019-12-17 v1.6 Hooks for auxiliary files (HO)
)
(c:/texlive/2020/texmf-dist/tex/latex/kvoptions/kvoptions.sty
Package: kvoptions 2020-10-07 v3.14 Key value format for package options (HO)
)
\@linkdim=\dimen155
\Hy@linkcounter=\count195
\Hy@pagecounter=\count196

(c:/texlive/2020/texmf-dist/tex/latex/hyperref/pd1enc.def
File: pd1enc.def 2020-05-15 v7.00e Hyperref: PDFDocEncoding definition (HO)
Now handling font encoding PD1 ...
... no UTF-8 mapping file for font encoding PD1
)
(c:/texlive/2020/texmf-dist/tex/generic/intcalc/intcalc.sty
Package: intcalc 2019/12/15 v1.3 Expandable calculations with integers (HO)
)
(c:/texlive/2020/texmf-dist/tex/generic/etexcmds/etexcmds.sty
Package: etexcmds 2019/12/15 v1.7 Avoid name clashes with e-TeX commands (HO)
)
\Hy@SavedSpaceFactor=\count197
Package hyperref Info: Hyper figures OFF on input line 4464.
Package hyperref Info: Link nesting OFF on input line 4469.
Package hyperref Info: Hyper index ON on input line 4472.
Package hyperref Info: Plain pages OFF on input line 4479.
Package hyperref Info: Backreferencing OFF on input line 4484.
Package hyperref Info: Implicit mode ON; LaTeX internals redefined.
Package hyperref Info: Bookmarks ON on input line 4717.
\c@Hy@tempcnt=\count198

(c:/texlive/2020/texmf-dist/tex/latex/url/url.sty
\Urlmuskip=\muskip16
Package: url 2013/09/16  ver 3.4  Verb mode for urls, etc.
)
LaTeX Info: Redefining \url on input line 5076.
\XeTeXLinkMargin=\dimen156

(c:/texlive/2020/texmf-dist/tex/generic/bitset/bitset.sty
Package: bitset 2019/12/09 v1.3 Handle bit-vector datatype (HO)

(c:/texlive/2020/texmf-dist/tex/generic/bigintcalc/bigintcalc.sty
Package: bigintcalc 2019/12/15 v1.5 Expandable calculations on big integers (HO
)
))
\Fld@menulength=\count199
\Field@Width=\dimen157
\Fld@charsize=\dimen158
Package hyperref Info: Hyper figures OFF on input line 6347.
Package hyperref Info: Link nesting OFF on input line 6352.
Package hyperref Info: Hyper index ON on input line 6355.
Package hyperref Info: backreferencing OFF on input line 6362.
Package hyperref Info: Link coloring OFF on input line 6367.
Package hyperref Info: Link coloring with OCG OFF on input line 6372.
Package hyperref Info: PDF/A mode OFF on input line 6377.
LaTeX Info: Redefining \ref on input line 6417.
LaTeX Info: Redefining \pageref on input line 6421.

(c:/texlive/2020/texmf-dist/tex/latex/base/atbegshi-ltx.sty
Package: atbegshi-ltx 2020/08/17 v1.0a Emulation of the original atbegshi packa
ge
with kernel methods
)
\Hy@abspage=\count266
\c@Item=\count267
\c@Hfootnote=\count268
)
Package hyperref Info: Driver (autodetected): hpdftex.

(c:/texlive/2020/texmf-dist/tex/latex/hyperref/hpdftex.def
File: hpdftex.def 2020-05-15 v7.00e Hyperref driver for pdfTeX

(c:/texlive/2020/texmf-dist/tex/latex/base/atveryend-ltx.sty
Package: atveryend-ltx 2020/08/19 v1.0a Emulation of the original atvery packag
e
with kernel methods
)
\Fld@listcount=\count269
\c@bookmark@seq@number=\count270

(c:/texlive/2020/texmf-dist/tex/latex/rerunfilecheck/rerunfilecheck.sty
Package: rerunfilecheck 2019/12/05 v1.9 Rerun checks for auxiliary files (HO)

(c:/texlive/2020/texmf-dist/tex/generic/uniquecounter/uniquecounter.sty
Package: uniquecounter 2019/12/15 v1.4 Provide unlimited unique counter (HO)
)
Package uniquecounter Info: New unique counter `rerunfilecheck' on input line 2
86.
)
\Hy@SectionHShift=\skip62
)
(c:/texlive/2020/texmf-dist/tex/generic/soul/soul.sty
Package: soul 2003/11/17 v2.4 letterspacing/underlining (mf)
\SOUL@word=\toks18
\SOUL@lasttoken=\toks19
\SOUL@cmds=\toks20
\SOUL@buffer=\toks21
\SOUL@token=\toks22
\SOUL@spaceskip=\skip63
\SOUL@ttwidth=\dimen159
\SOUL@uldp=\dimen160
\SOUL@ulht=\dimen161
)
\c@myEnumCounter=\count271
\c@mySaveCounter=\count272

(c:/texlive/2020/texmf-dist/tex/latex/l3backend/l3backend-pdftex.def
File: l3backend-pdftex.def 2020-09-24 L3 backend support: PDF output (pdfTeX)
\l__kernel_color_stack_int=\count273
\l__pdf_internal_box=\box95
)

LaTeX Warning: Unused global option(s):
    [a4].

(./cv.aux)
\openout1 = `cv.aux'.

LaTeX Font Info:    Checking defaults for OML/cmm/m/it on input line 46.
LaTeX Font Info:    ... okay on input line 46.
LaTeX Font Info:    Checking defaults for OMS/cmsy/m/n on input line 46.
LaTeX Font Info:    ... okay on input line 46.
LaTeX Font Info:    Checking defaults for OT1/cmr/m/n on input line 46.
LaTeX Font Info:    ... okay on input line 46.
LaTeX Font Info:    Checking defaults for T1/cmr/m/n on input line 46.
LaTeX Font Info:    ... okay on input line 46.
LaTeX Font Info:    Checking defaults for TS1/cmr/m/n on input line 46.
LaTeX Font Info:    ... okay on input line 46.
LaTeX Font Info:    Checking defaults for OMX/cmex/m/n on input line 46.
LaTeX Font Info:    ... okay on input line 46.
LaTeX Font Info:    Checking defaults for U/cmr/m/n on input line 46.
LaTeX Font Info:    ... okay on input line 46.
LaTeX Font Info:    Checking defaults for PD1/pdf/m/n on input line 46.
LaTeX Font Info:    ... okay on input line 46.
Package hyperref Info: Link coloring OFF on input line 46.
 (c:/texlive/2020/texmf-dist/tex/latex/hyperref/nameref.sty
Package: nameref 2019/09/16 v2.46 Cross-referencing by name of section

(c:/texlive/2020/texmf-dist/tex/latex/refcount/refcount.sty
Package: refcount 2019/12/15 v3.6 Data extraction from label references (HO)
)
(c:/texlive/2020/texmf-dist/tex/generic/gettitlestring/gettitlestring.sty
Package: gettitlestring 2019/12/15 v1.6 Cleanup title references (HO)
)
\c@section@level=\count274
)
LaTeX Info: Redefining \ref on input line 46.
LaTeX Info: Redefining \pageref on input line 46.
LaTeX Info: Redefining \nameref on input line 46.

(./cv.out) (./cv.out)
\@outlinefile=\write3
\openout3 = `cv.out'.

LaTeX Font Info:    External font `cmex10' loaded for size
(Font)              <9> on input line 80.
LaTeX Font Info:    External font `cmex10' loaded for size
(Font)              <6> on input line 80.
LaTeX Font Info:    External font `cmex10' loaded for size
(Font)              <5> on input line 80.

Underfull \hbox (badness 10000) in paragraph at lines 276--280

 []


Underfull \hbox (badness 10000) in paragraph at lines 287--293

 []

[1
Non-PDF special ignored!
<special> papersize=614.295pt,794.96999pt
Non-PDF special ignored!
<special> color push  Black
Non-PDF special ignored!
<special> color push rgb 0.4 0.4 0.4
{c:/texlive/2020/texmf-var/fonts/map/pdftex/updmap/pdftex.map}
Non-PDF special ignored!
<special> color pop
Non-PDF special ignored!
<special> color pop

Non-PDF special ignored!
<special> color push  Black
Non-PDF special ignored!
<special> color pop
Non-PDF special ignored!
<special> color push  Black
Non-PDF special ignored!
<special> color pop
Non-PDF special ignored!
<special> color push  Black
Non-PDF special ignored!
<special> color pop
Non-PDF special ignored!
<special> color push  Black
Non-PDF special ignored!
<special> color pop
Non-PDF special ignored!
<special> color push  Black
Non-PDF special ignored!
<special> color pop
Non-PDF special ignored!
<special> color push  Black
Non-PDF special ignored!
<special> color pop
Non-PDF special ignored!
<special> color push  Black
Non-PDF special ignored!
<special> color pop
Non-PDF special ignored!
<special> color push  Black
Non-PDF special ignored!
<special> color pop
Non-PDF special ignored!
<special> color push  Black
Non-PDF special ignored!
<special> color pop
Non-PDF special ignored!
<special> color push  Black
Non-PDF special ignored!
<special> color pop
Non-PDF special ignored!
<special> color push  Black
Non-PDF special ignored!
<special> color pop
Non-PDF special ignored!
<special> color push  Black
Non-PDF special ignored!
<special> color pop
Non-PDF special ignored!
<special> color push  Black
Non-PDF special ignored!
<special> color pop
Non-PDF special ignored!
<special> color push  Black
Non-PDF special ignored!
<special> color pop
Non-PDF special ignored!
<special> color push  Black
Non-PDF special ignored!
<special> color pop
Non-PDF special ignored!
<special> color push  Black
Non-PDF special ignored!
<special> color pop
]
Underfull \hbox (badness 10000) in paragraph at lines 294--298

 []


Underfull \hbox (badness 10000) in paragraph at lines 300--307

 []


Underfull \hbox (badness 10000) in paragraph at lines 308--312

 []

[2
Non-PDF special ignored!
<special> color push  Black
Non-PDF special ignored!
<special> color push rgb 0.4 0.4 0.4
Non-PDF special ignored!
<special> color pop
Non-PDF special ignored!
<special> color pop
Non-PDF special ignored!
<special> color push  Black
Non-PDF special ignored!
<special> color pop
Non-PDF special ignored!
<special> color push  Black
Non-PDF special ignored!
<special> color pop
Non-PDF special ignored!
<special> color push  Black
Non-PDF special ignored!
<special> color pop
Non-PDF special ignored!
<special> color push  Black
Non-PDF special ignored!
<special> color pop
Non-PDF special ignored!
<special> color push  Black
Non-PDF special ignored!
<special> color pop
Non-PDF special ignored!
<special> color push  Black
Non-PDF special ignored!
<special> color pop
Non-PDF special ignored!
<special> color push  Black
Non-PDF special ignored!
<special> color pop
Non-PDF special ignored!
<special> color push  Black
Non-PDF special ignored!
<special> color pop
Non-PDF special ignored!
<special> color push  Black
Non-PDF special ignored!
<special> color pop
Non-PDF special ignored!
<special> color push  Black
Non-PDF special ignored!
<special> color pop
Non-PDF special ignored!
<special> color push  Black
Non-PDF special ignored!
<special> color pop
Non-PDF special ignored!
<special> color push  Black
Non-PDF special ignored!
<special> color pop
Non-PDF special ignored!
<special> color push  Black
Non-PDF special ignored!
<special> color pop
Non-PDF special ignored!
<special> color push  Black
Non-PDF special ignored!
<special> color pop
]
LaTeX Font Info:    Trying to load font information for OML+cmr on input line 4
06.
 (c:/texlive/2020/texmf-dist/tex/latex/base/omlcmr.fd
File: omlcmr.fd 2019/12/16 v2.5j Standard LaTeX font definitions
)
LaTeX Font Info:    Font shape `OML/cmr/bx/n' in size <9> not available
(Font)              Font shape `OML/cmm/b/it' tried instead on input line 406.
 [3
Non-PDF special ignored!
<special> color push  Black
Non-PDF special ignored!
<special> color push rgb 0.4 0.4 0.4
Non-PDF special ignored!
<special> color pop
Non-PDF special ignored!
<special> color pop
Non-PDF special ignored!
<special> color push  Black
Non-PDF special ignored!
<special> color pop
Non-PDF special ignored!
<special> color push  Black
Non-PDF special ignored!
<special> color pop
Non-PDF special ignored!
<special> color push  Black
Non-PDF special ignored!
<special> color pop
Non-PDF special ignored!
<special> color push  Black
Non-PDF special ignored!
<special> color pop
Non-PDF special ignored!
<special> color push  Black
Non-PDF special ignored!
<special> color pop
Non-PDF special ignored!
<special> color push  Black
Non-PDF special ignored!
<special> color pop
Non-PDF special ignored!
<special> color push  Black
Non-PDF special ignored!
<special> color pop
Non-PDF special ignored!
<special> color push  Black
Non-PDF special ignored!
<special> color pop
Non-PDF special ignored!
<special> color push  Black
Non-PDF special ignored!
<special> color pop
Non-PDF special ignored!
<special> color push  Black
Non-PDF special ignored!
<special> color pop
Non-PDF special ignored!
<special> color push  Black
Non-PDF special ignored!
<special> color pop
Non-PDF special ignored!
<special> color push  Black
Non-PDF special ignored!
<special> color pop
Non-PDF special ignored!
<special> color push  Black
Non-PDF special ignored!
<special> color pop
Non-PDF special ignored!
<special> color push  Black
Non-PDF special ignored!
<special> color pop
Non-PDF special ignored!
<special> color push  Black
Non-PDF special ignored!
<special> color pop
Non-PDF special ignored!
<special> color push  Black
Non-PDF special ignored!
<special> color pop
Non-PDF special ignored!
<special> color push  Black
Non-PDF special ignored!
<special> color pop
Non-PDF special ignored!
<special> color push  Black
Non-PDF special ignored!
<special> color pop
Non-PDF special ignored!
<special> color push  Black
Non-PDF special ignored!
<special> color pop
Non-PDF special ignored!
<special> color push  Black
Non-PDF special ignored!
<special> color pop
] (./cv.aux)
Package rerunfilecheck Info: File `cv.out' has not changed.
(rerunfilecheck)             Checksum: D41D8CD98F00B204E9800998ECF8427E;0.
 ) 
Here is how much of TeX's memory you used:
 5195 strings out of 479485
 79775 string characters out of 5875916
 389649 words of memory out of 5000000
 22091 multiletter control sequences out of 15000+600000
 540958 words of font info for 48 fonts, out of 8000000 for 9000
 1141 hyphenation exceptions out of 8191
 66i,11n,72p,333b,495s stack positions out of 5000i,500n,10000p,200000b,80000s
{c:/texlive/2020/texmf-dist/fonts/enc/dvips/cm-super/cm-super-ts1.enc}<c:/tex
live/2020/texmf-dist/fonts/type1/public/amsfonts/cm/cmbx10.pfb><c:/texlive/2020
/texmf-dist/fonts/type1/public/amsfonts/cm/cmbx12.pfb><c:/texlive/2020/texmf-di
st/fonts/type1/public/amsfonts/cm/cmbx9.pfb><c:/texlive/2020/texmf-dist/fonts/t
ype1/public/amsfonts/cm/cmmi9.pfb><c:/texlive/2020/texmf-dist/fonts/type1/publi
c/amsfonts/cmextra/cmmib9.pfb><c:/texlive/2020/texmf-dist/fonts/type1/public/am
sfonts/cm/cmr6.pfb><c:/texlive/2020/texmf-dist/fonts/type1/public/amsfonts/cm/c
mr9.pfb><c:/texlive/2020/texmf-dist/fonts/type1/public/amsfonts/cm/cmsy6.pfb><c
:/texlive/2020/texmf-dist/fonts/type1/public/amsfonts/cm/cmsy9.pfb><c:/texlive/
2020/texmf-dist/fonts/type1/public/amsfonts/cm/cmti10.pfb><c:/texlive/2020/texm
f-dist/fonts/type1/public/amsfonts/cm/cmti9.pfb><c:/texlive/2020/texmf-dist/fon
ts/type1/public/amsfonts/cm/cmtt9.pfb><c:/texlive/2020/texmf-dist/fonts/type1/p
ublic/cm-super/sfrm0900.pfb>
Output written on cv.pdf (3 pages, 162901 bytes).
PDF statistics:
 114 PDF objects out of 1000 (max. 8388607)
 95 compressed objects within 1 object stream
 36 named destinations out of 1000 (max. 500000)
 1 words of extra memory for PDF output out of 10000 (max. 10000000)

